Dec 12, 2019 3:17:17 PM INFO: Could not connect to the repository OT4I GitHub Pattern Repository located at 'http://ot4i.github.io/iib-patterns/en/repo_metadata.json'.
Dec 12, 2019 3:17:18 PM INFO: Could not connect to the repository Experimental OT4I GitHub Pattern Repository located at 'http://ot4i.github.io/iib-patterns/en/experimental/repo_metadata.json'.
Dec 13, 2019 12:02:49 PM INFO: Could not connect to the repository OT4I GitHub Pattern Repository located at 'http://ot4i.github.io/iib-patterns/en/repo_metadata.json'.
Dec 13, 2019 12:02:49 PM INFO: Could not connect to the repository Experimental OT4I GitHub Pattern Repository located at 'http://ot4i.github.io/iib-patterns/en/experimental/repo_metadata.json'.
Dec 14, 2019 11:44:51 AM INFO: Could not connect to the repository OT4I GitHub Pattern Repository located at 'http://ot4i.github.io/iib-patterns/en/repo_metadata.json'.
Dec 14, 2019 11:44:51 AM INFO: Could not connect to the repository Experimental OT4I GitHub Pattern Repository located at 'http://ot4i.github.io/iib-patterns/en/experimental/repo_metadata.json'.
Dec 19, 2019 11:49:36 AM INFO: Could not connect to the repository OT4I GitHub Pattern Repository located at 'http://ot4i.github.io/iib-patterns/en/repo_metadata.json'.
Dec 19, 2019 11:49:36 AM INFO: Could not connect to the repository Experimental OT4I GitHub Pattern Repository located at 'http://ot4i.github.io/iib-patterns/en/experimental/repo_metadata.json'.
Dec 30, 2019 12:51:11 PM INFO: Could not connect to the repository OT4I GitHub Pattern Repository located at 'http://ot4i.github.io/iib-patterns/en/repo_metadata.json'.
Dec 30, 2019 12:51:11 PM INFO: Could not connect to the repository Experimental OT4I GitHub Pattern Repository located at 'http://ot4i.github.io/iib-patterns/en/experimental/repo_metadata.json'.
Dec 30, 2019 6:38:37 PM INFO: Could not connect to the repository OT4I GitHub Pattern Repository located at 'http://ot4i.github.io/iib-patterns/en/repo_metadata.json'.
Dec 30, 2019 6:38:37 PM INFO: Could not connect to the repository Experimental OT4I GitHub Pattern Repository located at 'http://ot4i.github.io/iib-patterns/en/experimental/repo_metadata.json'.
Jan 3, 2020 2:34:53 PM INFO: Could not connect to the repository OT4I GitHub Pattern Repository located at 'http://ot4i.github.io/iib-patterns/en/repo_metadata.json'.
Jan 3, 2020 2:34:53 PM INFO: Could not connect to the repository Experimental OT4I GitHub Pattern Repository located at 'http://ot4i.github.io/iib-patterns/en/experimental/repo_metadata.json'.
Jan 3, 2020 6:24:09 PM INFO: Could not connect to the repository OT4I GitHub Pattern Repository located at 'http://ot4i.github.io/iib-patterns/en/repo_metadata.json'.
Jan 3, 2020 6:24:10 PM INFO: Could not connect to the repository Experimental OT4I GitHub Pattern Repository located at 'http://ot4i.github.io/iib-patterns/en/experimental/repo_metadata.json'.
Jan 6, 2020 11:11:47 AM INFO: Could not connect to the repository OT4I GitHub Pattern Repository located at 'http://ot4i.github.io/iib-patterns/en/repo_metadata.json'.
Jan 6, 2020 11:11:47 AM INFO: Could not connect to the repository Experimental OT4I GitHub Pattern Repository located at 'http://ot4i.github.io/iib-patterns/en/experimental/repo_metadata.json'.
Jan 7, 2020 2:58:02 PM INFO: Could not connect to the repository OT4I GitHub Pattern Repository located at 'http://ot4i.github.io/iib-patterns/en/repo_metadata.json'.
Jan 7, 2020 2:58:02 PM INFO: Could not connect to the repository Experimental OT4I GitHub Pattern Repository located at 'http://ot4i.github.io/iib-patterns/en/experimental/repo_metadata.json'.
Jan 7, 2020 3:11:47 PM INFO: Could not connect to the repository OT4I GitHub Pattern Repository located at 'http://ot4i.github.io/iib-patterns/en/repo_metadata.json'.
Jan 7, 2020 3:11:47 PM INFO: Could not connect to the repository Experimental OT4I GitHub Pattern Repository located at 'http://ot4i.github.io/iib-patterns/en/experimental/repo_metadata.json'.
Jan 7, 2020 3:44:05 PM INFO: Could not connect to the repository OT4I GitHub Pattern Repository located at 'http://ot4i.github.io/iib-patterns/en/repo_metadata.json'.
Jan 7, 2020 3:44:05 PM INFO: Could not connect to the repository Experimental OT4I GitHub Pattern Repository located at 'http://ot4i.github.io/iib-patterns/en/experimental/repo_metadata.json'.
Jan 7, 2020 5:53:48 PM INFO: Could not connect to the repository OT4I GitHub Pattern Repository located at 'http://ot4i.github.io/iib-patterns/en/repo_metadata.json'.
Jan 7, 2020 5:53:48 PM INFO: Could not connect to the repository Experimental OT4I GitHub Pattern Repository located at 'http://ot4i.github.io/iib-patterns/en/experimental/repo_metadata.json'.
Jan 8, 2020 12:38:54 PM INFO: Could not connect to the repository OT4I GitHub Pattern Repository located at 'http://ot4i.github.io/iib-patterns/en/repo_metadata.json'.
Jan 8, 2020 12:38:54 PM INFO: Could not connect to the repository Experimental OT4I GitHub Pattern Repository located at 'http://ot4i.github.io/iib-patterns/en/experimental/repo_metadata.json'.
Jan 8, 2020 4:55:15 PM INFO: Could not connect to the repository OT4I GitHub Pattern Repository located at 'http://ot4i.github.io/iib-patterns/en/repo_metadata.json'.
Jan 8, 2020 4:55:15 PM INFO: Could not connect to the repository Experimental OT4I GitHub Pattern Repository located at 'http://ot4i.github.io/iib-patterns/en/experimental/repo_metadata.json'.
Jan 9, 2020 5:56:00 PM INFO: Could not connect to the repository OT4I GitHub Pattern Repository located at 'http://ot4i.github.io/iib-patterns/en/repo_metadata.json'.
Jan 9, 2020 5:56:00 PM INFO: Could not connect to the repository Experimental OT4I GitHub Pattern Repository located at 'http://ot4i.github.io/iib-patterns/en/experimental/repo_metadata.json'.
Jan 10, 2020 11:37:26 AM INFO: Could not connect to the repository OT4I GitHub Pattern Repository located at 'http://ot4i.github.io/iib-patterns/en/repo_metadata.json'.
Jan 10, 2020 11:37:26 AM INFO: Could not connect to the repository Experimental OT4I GitHub Pattern Repository located at 'http://ot4i.github.io/iib-patterns/en/experimental/repo_metadata.json'.
Jan 13, 2020 11:34:19 AM INFO: Could not connect to the repository OT4I GitHub Pattern Repository located at 'http://ot4i.github.io/iib-patterns/en/repo_metadata.json'.
Jan 13, 2020 11:34:19 AM INFO: Could not connect to the repository Experimental OT4I GitHub Pattern Repository located at 'http://ot4i.github.io/iib-patterns/en/experimental/repo_metadata.json'.
